<?xml version="1.0" encoding="UTF-8"?>
<!-- Generated by org.testng.reporters.JUnitXMLReporter -->
<testsuite ignored="0" hostname="DESKTOP-MA84K88" failures="0" tests="2" name="Test2" time="6.718" errors="0" timestamp="2024-01-28T11:19:38 IST">
  <testcase classname="TestCase.LoginTest" name="TC_003" time="0.001">
    <skipped/>
  </testcase> <!-- TC_003 -->
  <testcase classname="TestCase.LoginTest" name="TC_004" time="0.0">
    <skipped/>
  </testcase> <!-- TC_004 -->
</testsuite> <!-- Test2 -->
